Arguments: 
  C:\Program Files\nodejs\node.exe C:\Program Files (x86)\Yarn\bin\yarn.js add axios

PATH: 
  C:\windows\system32;C:\windows;C:\windows\System32\Wbem;C:\windows\System32\WindowsPowerShell\v1.0\;C:\windows\System32\OpenSSH\;C:\Program Files\Git\cmd;C:\Program Files\nodejs\;C:\Program Files (x86)\Yarn\bin\;C:\Program Files (x86)\QuickTime\QTSystem\;C:\Program Files\MySQL\MySQL Shell 8.0\bin\;C:\Users\Antho\AppData\Local\Microsoft\WindowsApps;;C:\Users\Antho\AppData\Local\Programs\Microsoft VS Code\bin;C:\xampp\php;C:\Users\Antho\AppData\Local\ComposerSetup\bin;C:\Users\Antho\AppData\Roaming\Composer\vendor\bin;C:\Users\Antho\AppData\Roaming\npm;C:\Users\Antho\AppData\Local\Yarn\bin

Yarn version: 
  1.22.5

Node version: 
  12.18.4

Platform: 
  win32 x64

Trace: 
  Error: getaddrinfo ENOTFOUND registry.yarnpkg.com
      at GetAddrInfoReqWrap.onlookup [as oncomplete] (dns.js:66:26)

npm manifest: 
  {
    "dependencies": {
      "bulma": "^0.9.1"
    },
    "name": "ferreteriav4",
    "version": "1.0.0",
    "description": "axios ferreteria",
    "main": "index.js",
    "repository": "https://github.com/antonio340/ferreteriav4.git",
    "author": "antonio340 <anthony_341@outlook.es>",
    "license": "MIT"
  }

yarn manifest: 
  No manifest

Lockfile: 
  # THIS IS AN AUTOGENERATED FILE. DO NOT EDIT THIS FILE DIRECTLY.
  # yarn lockfile v1
  
  
  bulma@^0.9.1:
    version "0.9.1"
    resolved "https://registry.yarnpkg.com/bulma/-/bulma-0.9.1.tgz#2bf0e25062a22166db5c92e8c3dcb4605ab040d8"
    integrity sha512-LSF69OumXg2HSKl2+rN0/OEXJy7WFEb681wtBlNS/ulJYR27J3rORHibdXZ6GVb/vyUzzYK/Arjyh56wjbFedA==
